<?xml version="1.0" encoding="UTF-8"?>
<!-- Generated by org.testng.reporters.JUnitReportReporter -->
<testsuite hostname="WINDOWS-H5DBR98" failures="0" tests="4" name="tests.EndToEndTest" time="494.801" errors="0" timestamp="2023-08-06T12:31:26 IST" skipped="0">
  <testcase classname="tests.EndToEndTest" name="compare" time="187.802"/>
  <system-out/>
  <testcase classname="tests.EndToEndTest" name="updatedeletetablet" time="67.607"/>
  <system-out/>
  <testcase classname="tests.EndToEndTest" name="returnproduct" time="88.386"/>
  <system-out/>
  <testcase classname="tests.EndToEndTest" name="wishlist" time="151.006"/>
  <system-out/>
</testsuite> <!-- tests.EndToEndTest -->
