<?xml version="1.0" encoding="UTF-8"?>
<!-- Generated by org.testng.reporters.JUnitReportReporter -->
<testsuite hostname="WINDOWS-H5DBR98" failures="0" tests="1" name="tests.IMacAddtoCartTest" time="138.475" errors="0" timestamp="2023-08-06T10:10:04 IST" skipped="0">
  <testcase classname="tests.IMacAddtoCartTest" name="iMacAddtoCart" time="138.475"/>
  <system-out/>
</testsuite> <!-- tests.IMacAddtoCartTest -->
