<?xml version="1.0" encoding="UTF-8"?>
<!-- Generated by org.testng.reporters.JUnitReportReporter -->
<testsuite hostname="WINDOWS-H5DBR98" failures="0" tests="1" name="tests.GiftCertificateTest" time="37.132" errors="0" timestamp="2023-08-06T10:18:57 IST" skipped="0">
  <testcase classname="tests.GiftCertificateTest" name="GiftCertificatePurchase" time="37.132"/>
  <system-out/>
</testsuite> <!-- tests.GiftCertificateTest -->
