<?xml version="1.0" encoding="UTF-8"?>
<!-- Generated by org.testng.reporters.JUnitReportReporter -->
<testsuite hostname="WINDOWS-H5DBR98" failures="0" tests="1" name="tests.SearchIphoneAddtoCartTest" time="51.674" errors="0" timestamp="2023-08-06T10:16:22 IST" skipped="0">
  <testcase classname="tests.SearchIphoneAddtoCartTest" name="SearchandAddtoCart" time="51.674"/>
  <system-out/>
</testsuite> <!-- tests.SearchIphoneAddtoCartTest -->
