<?xml version="1.0" encoding="UTF-8"?>
<!-- Generated by org.testng.reporters.JUnitReportReporter -->
<testsuite hostname="WINDOWS-H5DBR98" failures="0" tests="1" name="tests.HeaderFooterLinksTest" time="73.242" errors="0" timestamp="2023-07-30T14:02:24 IST" skipped="0">
  <testcase classname="tests.HeaderFooterLinksTest" name="HeaderFooterLinks" time="73.242"/>
  <system-out/>
</testsuite> <!-- tests.HeaderFooterLinksTest -->
