<?xml version="1.0" encoding="UTF-8"?>
<!-- Generated by org.testng.reporters.JUnitReportReporter -->
<testsuite hostname="WINDOWS-H5DBR98" failures="0" tests="1" name="tests.TabletUpdateRemoveCartTest" time="32.034" errors="0" timestamp="2023-08-06T10:12:43 IST" skipped="0">
  <testcase classname="tests.TabletUpdateRemoveCartTest" name="UpdateandDeleteTablet" time="32.034"/>
  <system-out/>
</testsuite> <!-- tests.TabletUpdateRemoveCartTest -->
