<?xml version="1.0" encoding="UTF-8"?>
<!-- Generated by org.testng.reporters.JUnitReportReporter -->
<testsuite hostname="WINDOWS-H5DBR98" failures="0" tests="1" name="tests.CompareNoteMacBooksBuyTest" time="248.859" errors="0" timestamp="2023-07-30T13:50:50 IST" skipped="0">
  <testcase classname="tests.CompareNoteMacBooksBuyTest" name="compareNoteMacBooksPurchase" time="248.859"/>
  <system-out/>
</testsuite> <!-- tests.CompareNoteMacBooksBuyTest -->
