<?xml version="1.0" encoding="UTF-8"?>
<!-- Generated by org.testng.reporters.JUnitReportReporter -->
<testsuite hostname="WINDOWS-H5DBR98" failures="0" tests="1" name="tests.RegistrationTest" time="88.647" errors="0" timestamp="2023-08-06T12:22:08 IST" skipped="0">
  <testcase classname="tests.RegistrationTest" name="Registration" time="88.647"/>
  <system-out/>
</testsuite> <!-- tests.RegistrationTest -->
