<?xml version="1.0" encoding="UTF-8"?>
<!-- Generated by org.testng.reporters.JUnitReportReporter -->
<testsuite hostname="WINDOWS-H5DBR98" failures="0" tests="1" name="tests.CompareCamerasBuyTest" time="150.403" errors="0" timestamp="2023-07-30T13:50:50 IST" skipped="0">
  <testcase classname="tests.CompareCamerasBuyTest" name="compareCameraPurchase" time="150.403"/>
  <system-out/>
</testsuite> <!-- tests.CompareCamerasBuyTest -->
