<?xml version="1.0" encoding="UTF-8"?>
<!-- Generated by org.testng.reporters.JUnitReportReporter -->
<testsuite hostname="WINDOWS-H5DBR98" failures="0" tests="1" name="tests.ReturnProductTest" time="54.341" errors="0" timestamp="2023-07-30T14:06:28 IST" skipped="0">
  <testcase classname="tests.ReturnProductTest" name="returnProduct" time="54.341"/>
  <system-out/>
</testsuite> <!-- tests.ReturnProductTest -->
