<?xml version="1.0" encoding="UTF-8"?>
<!-- Generated by org.testng.reporters.JUnitReportReporter -->
<testsuite hostname="WINDOWS-H5DBR98" failures="0" tests="1" name="tests.LoginTest" time="45.642" errors="0" timestamp="2023-08-06T10:37:02 IST" skipped="0">
  <testcase classname="tests.LoginTest" name="LoginPageTest" time="45.642"/>
  <system-out/>
</testsuite> <!-- tests.LoginTest -->
