<?xml version="1.0" encoding="UTF-8"?>
<!-- Generated by org.testng.reporters.JUnitReportReporter -->
<testsuite hostname="WINDOWS-H5DBR98" failures="0" tests="1" name="tests.GiftCertificateTest" time="83.713" errors="0" timestamp="2023-07-30T13:55:21 IST" skipped="0">
  <testcase classname="tests.GiftCertificateTest" name="GiftCertificatePurchase" time="83.713"/>
  <system-out/>
</testsuite> <!-- tests.GiftCertificateTest -->
