<?xml version="1.0" encoding="UTF-8"?>
<!-- Generated by org.testng.reporters.JUnitReportReporter -->
<testsuite hostname="WINDOWS-H5DBR98" failures="0" tests="1" name="tests.CompareNoteMacBooksBuyTest" time="246.552" errors="0" timestamp="2023-08-06T11:28:33 IST" skipped="0">
  <testcase classname="tests.CompareNoteMacBooksBuyTest" name="compareNoteMacBooksPurchase" time="246.552"/>
  <system-out/>
</testsuite> <!-- tests.CompareNoteMacBooksBuyTest -->
