<?xml version="1.0" encoding="UTF-8"?>
<!-- Generated by org.testng.reporters.JUnitReportReporter -->
<testsuite hostname="WINDOWS-H5DBR98" failures="0" tests="1" name="tests.TabletUpdateRemoveCartTest" time="53.184" errors="0" timestamp="2023-07-30T14:08:35 IST" skipped="0">
  <testcase classname="tests.TabletUpdateRemoveCartTest" name="UpdateandDeleteTablet" time="53.184"/>
  <system-out/>
</testsuite> <!-- tests.TabletUpdateRemoveCartTest -->
