<?xml version="1.0" encoding="UTF-8"?>
<!-- Generated by org.testng.reporters.JUnitReportReporter -->
<testsuite hostname="WINDOWS-H5DBR98" failures="0" tests="1" name="tests.HeaderFooterLinksTest" time="85.093" errors="0" timestamp="2023-08-06T11:14:32 IST" skipped="0">
  <testcase classname="tests.HeaderFooterLinksTest" name="HeaderFooterLinks" time="85.093"/>
  <system-out/>
</testsuite> <!-- tests.HeaderFooterLinksTest -->
